<?xml version="1.0" encoding="utf-8"?><testsuites><testsuite name="pytest" errors="0" failures="0" skipped="0" tests="11" time="10.819" timestamp="2025-09-04T19:39:05.527014" hostname="Monwebmestre"><testcase classname="tests.test_pipeline.TestLectureCSV" name="test_lecture_et_nettoyage_nominal" time="0.007" /><testcase classname="tests.test_pipeline.TestLectureCSV" name="test_fichier_csv_vide" time="0.002" /><testcase classname="tests.test_pipeline.TestLectureCSV" name="test_colonne_price_manquante" time="0.003" /><testcase classname="tests.test_pipeline.TestIntegrationDB" name="test_II_57_insertion_base_de_donnees" time="1.876" /><testcase classname="tests.test_pipeline.TestIntegrationDB" name="test_II_61_synchronisation_suppression_titre" time="1.683" /><testcase classname="tests.test_pipeline.TestIntegrationDB" name="test_II_62_synchronisation_insensible_a_la_casse" time="1.539" /><testcase classname="tests.test_pipeline.TestEnrichissementAPI" name="test_II_58_enrichissement_yfinance_succes" time="0.003" /><testcase classname="tests.test_pipeline.TestEnrichissementAPI" name="test_II_59_traduction_ticker_canadien_et_enrichissement" time="0.003" /><testcase classname="tests.test_pipeline.TestEnrichissementAPI" name="test_II_60_fallback_si_api_yfinance_echoue" time="0.003" /><testcase classname="tests.test_pipeline.TestLogiqueMetier" name="test_II_63_ignore_execution_le_weekend" time="1.489" /><testcase classname="tests.test_pipeline.TestLogiqueMetier" name="test_II_64_date_correcte_avec_fuseau_horaire_montreal" time="1.501" /></testsuite></testsuites>